c:\dev\test1\project1\x64\debug\vc142.pdb
c:\dev\test1\project1\x64\debug\vc142.idb
c:\dev\test1\project1\x64\debug\glad.obj
c:\dev\test1\project1\x64\debug\stb_image.obj
c:\dev\test1\project1\x64\debug\game.obj
c:\dev\test1\project1\x64\debug\texture.obj
c:\dev\test1\project1\x64\debug\source.obj
c:\dev\test1\project1\x64\debug\shader.obj
c:\dev\test1\project1\x64\debug\resourcemanager.obj
c:\dev\test1\project1\x64\debug\spriterenderer.obj
c:\dev\test1\project1\x64\debug\player.obj
c:\dev\test1\project1\x64\debug\object.obj
c:\dev\test1\project1\x64\debug\imgui_widgets.obj
c:\dev\test1\project1\x64\debug\imgui_impl_opengl3.obj
c:\dev\test1\project1\x64\debug\imgui_impl_glfw.obj
c:\dev\test1\project1\x64\debug\imgui_draw.obj
c:\dev\test1\project1\x64\debug\imgui_demo.obj
c:\dev\test1\project1\x64\debug\imgui.obj
c:\dev\test1\project1\x64\debug\world.obj
c:\dev\test1\x64\debug\project1.exe
c:\dev\test1\x64\debug\project1.ilk
c:\dev\test1\x64\debug\project1.pdb
c:\dev\test1\project1\x64\debug\game.obj.enc
c:\dev\test1\project1\x64\debug\player.new.obj.enc
c:\dev\test1\project1\x64\debug\source.obj.enc
c:\dev\test1\project1\x64\debug\project1.tlog\cl.command.1.tlog
c:\dev\test1\project1\x64\debug\project1.tlog\cl.read.1.tlog
c:\dev\test1\project1\x64\debug\project1.tlog\cl.write.1.tlog
c:\dev\test1\project1\x64\debug\project1.tlog\link.command.1.tlog
c:\dev\test1\project1\x64\debug\project1.tlog\link.read.1.tlog
c:\dev\test1\project1\x64\debug\project1.tlog\link.write.1.tlog
